2025-03-07 14:18:11,080 - __main__ - INFO - Starting bot...
2025-03-07 14:18:11,414 - __main__ - INFO - Bot started with 6 commands
2025-03-07 14:18:11,414 - aiogram.dispatcher - INFO - Start polling
2025-03-07 14:18:11,450 - aiogram.dispatcher - INFO - Run polling for bot @Evadav_start_bot id=7734023965 - 'Soft_Helpbot'
2025-03-07 14:18:17,386 - aiogram.event - INFO - Update id=664569955 is handled. Duration 180 ms by bot id=7734023965
2025-03-07 14:18:17,971 - aiogram.event - INFO - Update id=664569956 is handled. Duration 91 ms by bot id=7734023965
2025-03-07 14:18:18,904 - aiogram.event - INFO - Update id=664569957 is handled. Duration 60 ms by bot id=7734023965
2025-03-07 14:18:19,616 - aiogram.event - INFO - Update id=664569958 is handled. Duration 110 ms by bot id=7734023965
2025-03-07 14:18:20,194 - aiogram.event - INFO - Update id=664569959 is handled. Duration 70 ms by bot id=7734023965
2025-03-07 14:18:21,004 - aiogram.event - INFO - Update id=664569960 is handled. Duration 79 ms by bot id=7734023965
2025-03-07 14:18:21,682 - aiogram.event - INFO - Update id=664569961 is handled. Duration 142 ms by bot id=7734023965
2025-03-07 14:18:23,320 - aiogram.event - INFO - Update id=664569962 is handled. Duration 282 ms by bot id=7734023965
2025-03-07 14:18:24,446 - aiogram.event - INFO - Update id=664569963 is handled. Duration 71 ms by bot id=7734023965
2025-03-07 14:18:25,060 - aiogram.event - INFO - Update id=664569964 is handled. Duration 87 ms by bot id=7734023965
2025-03-07 14:18:25,753 - aiogram.event - INFO - Update id=664569965 is handled. Duration 54 ms by bot id=7734023965
2025-03-07 14:18:26,752 - aiogram.event - INFO - Update id=664569966 is handled. Duration 63 ms by bot id=7734023965
2025-03-07 14:18:28,291 - aiogram.event - INFO - Update id=664569967 is handled. Duration 64 ms by bot id=7734023965
2025-03-07 14:18:30,312 - aiogram.event - INFO - Update id=664569968 is handled. Duration 90 ms by bot id=7734023965
2025-03-07 14:18:31,353 - aiogram.event - INFO - Update id=664569969 is handled. Duration 109 ms by bot id=7734023965
2025-03-07 14:18:33,727 - aiogram.event - INFO - Update id=664569970 is handled. Duration 61 ms by bot id=7734023965
2025-03-07 14:18:34,715 - aiogram.event - INFO - Update id=664569971 is handled. Duration 136 ms by bot id=7734023965
2025-03-07 14:26:55,956 - __main__ - INFO - Starting bot...
2025-03-07 14:26:56,205 - __main__ - INFO - Bot started with 6 commands
2025-03-07 14:26:56,206 - aiogram.dispatcher - INFO - Start polling
2025-03-07 14:26:56,239 - aiogram.dispatcher - INFO - Run polling for bot @Evadav_start_bot id=7734023965 - 'Soft_Helpbot'
2025-03-07 15:21:10,169 - __main__ - INFO - Starting bot...
2025-03-07 15:21:10,391 - __main__ - INFO - Bot started with 6 commands
2025-03-07 15:21:10,391 - aiogram.dispatcher - INFO - Start polling
2025-03-07 15:21:10,445 - aiogram.dispatcher - INFO - Run polling for bot @Evadav_start_bot id=7734023965 - 'Soft_Helpbot'
2025-03-07 15:21:41,108 - __main__ - INFO - Starting bot...
2025-03-07 15:21:41,347 - __main__ - INFO - Bot started with 6 commands
2025-03-07 15:21:41,348 - aiogram.dispatcher - INFO - Start polling
2025-03-07 15:21:41,391 - aiogram.dispatcher - INFO - Run polling for bot @Evadav_start_bot id=7734023965 - 'Soft_Helpbot'
2025-03-07 15:21:54,206 - aiogram.event - INFO - Update id=664569972 is handled. Duration 193 ms by bot id=7734023965
2025-03-07 15:22:04,414 - aiogram.event - INFO - Update id=664569973 is handled. Duration 618 ms by bot id=7734023965
2025-03-07 15:22:34,500 - aiogram.event - INFO - Update id=664569974 is handled. Duration 633 ms by bot id=7734023965
2025-03-07 15:22:40,658 - aiogram.event - INFO - Update id=664569975 is handled. Duration 533 ms by bot id=7734023965
2025-03-07 15:22:49,875 - aiogram.event - INFO - Update id=664569976 is handled. Duration 139 ms by bot id=7734023965
2025-03-07 15:23:34,756 - aiogram.event - INFO - Update id=664569977 is handled. Duration 178 ms by bot id=7734023965
2025-03-07 15:24:21,794 - __main__ - INFO - Starting bot...
2025-03-07 15:24:22,192 - __main__ - INFO - Bot started with 6 commands
2025-03-07 15:24:22,193 - aiogram.dispatcher - INFO - Start polling
2025-03-07 15:24:22,242 - aiogram.dispatcher - INFO - Run polling for bot @Evadav_start_bot id=7734023965 - 'Soft_Helpbot'
2025-03-07 15:24:26,035 - aiogram.event - INFO - Update id=664569978 is handled. Duration 1114 ms by bot id=7734023965
2025-03-07 15:24:27,965 - aiogram.event - INFO - Update id=664569979 is handled. Duration 147 ms by bot id=7734023965
2025-03-07 15:24:41,784 - aiogram.event - INFO - Update id=664569980 is handled. Duration 646 ms by bot id=7734023965
2025-03-07 15:26:58,219 - aiogram.event - INFO - Update id=664569981 is handled. Duration 305 ms by bot id=7734023965
2025-03-07 15:27:51,689 - aiogram.event - INFO - Update id=664569982 is handled. Duration 160 ms by bot id=7734023965
2025-03-07 15:27:54,866 - aiogram.event - INFO - Update id=664569983 is handled. Duration 364 ms by bot id=7734023965
2025-03-07 15:28:02,092 - aiogram.event - INFO - Update id=664569984 is handled. Duration 122 ms by bot id=7734023965
2025-03-07 15:28:56,522 - __main__ - INFO - Starting bot...
2025-03-07 15:28:56,715 - __main__ - INFO - Bot started with 6 commands
2025-03-07 15:28:56,716 - aiogram.dispatcher - INFO - Start polling
2025-03-07 15:28:56,750 - aiogram.dispatcher - INFO - Run polling for bot @Evadav_start_bot id=7734023965 - 'Soft_Helpbot'
2025-03-07 15:29:06,980 - aiogram.event - INFO - Update id=664569985 is handled. Duration 297 ms by bot id=7734023965
2025-03-07 15:29:08,696 - aiogram.event - INFO - Update id=664569986 is handled. Duration 78 ms by bot id=7734023965
2025-03-07 15:29:22,911 - aiogram.event - INFO - Update id=664569987 is handled. Duration 62 ms by bot id=7734023965
2025-03-07 15:29:50,798 - aiogram.event - INFO - Update id=664569988 is handled. Duration 526 ms by bot id=7734023965
2025-03-07 15:52:44,360 - __main__ - INFO - Starting bot...
2025-03-07 15:52:44,590 - __main__ - INFO - Bot started with 6 commands
2025-03-07 15:52:44,590 - aiogram.dispatcher - INFO - Start polling
2025-03-07 15:52:44,629 - aiogram.dispatcher - INFO - Run polling for bot @Evadav_start_bot id=7734023965 - 'Soft_Helpbot'
2025-03-07 15:52:54,437 - aiogram.event - INFO - Update id=664569989 is handled. Duration 349 ms by bot id=7734023965
2025-03-07 15:52:56,479 - aiogram.event - INFO - Update id=664569990 is handled. Duration 371 ms by bot id=7734023965
2025-03-07 15:53:02,146 - aiogram.event - INFO - Update id=664569991 is handled. Duration 190 ms by bot id=7734023965
2025-03-07 15:53:03,423 - aiogram.event - INFO - Update id=664569992 is handled. Duration 56 ms by bot id=7734023965
2025-03-07 15:53:10,089 - aiogram.event - INFO - Update id=664569993 is handled. Duration 379 ms by bot id=7734023965
2025-03-07 15:53:22,742 - aiogram.event - INFO - Update id=664569994 is handled. Duration 476 ms by bot id=7734023965
2025-03-07 15:53:45,436 - root - INFO - User 7613724879 rated the bot with 1 stars
2025-03-07 15:53:45,436 - aiogram.event - INFO - Update id=664569995 is handled. Duration 189 ms by bot id=7734023965
2025-03-07 15:53:54,370 - aiogram.event - INFO - Update id=664569996 is handled. Duration 2 ms by bot id=7734023965
2025-03-07 16:00:53,600 - __main__ - INFO - Starting bot...
2025-03-07 16:00:54,062 - __main__ - INFO - Bot started with 6 commands
2025-03-07 16:00:54,063 - aiogram.dispatcher - INFO - Start polling
2025-03-07 16:00:54,109 - aiogram.dispatcher - INFO - Run polling for bot @Evadav_start_bot id=7734023965 - 'Soft_Helpbot'
2025-03-07 16:01:10,684 - aiogram.event - INFO - Update id=664569997 is handled. Duration 322 ms by bot id=7734023965
2025-03-07 16:01:12,733 - aiogram.event - INFO - Update id=664569998 is handled. Duration 439 ms by bot id=7734023965
2025-03-07 16:01:15,214 - aiogram.event - INFO - Update id=664569999 is handled. Duration 64 ms by bot id=7734023965
2025-03-07 16:01:18,738 - aiogram.event - INFO - Update id=664570000 is handled. Duration 191 ms by bot id=7734023965
2025-03-07 16:01:20,247 - aiogram.event - INFO - Update id=664570001 is handled. Duration 88 ms by bot id=7734023965
2025-03-07 16:35:10,953 - __main__ - INFO - Starting bot...
2025-03-07 16:35:11,280 - __main__ - INFO - Bot started with 6 commands
2025-03-07 16:35:11,281 - aiogram.dispatcher - INFO - Start polling
2025-03-07 16:35:11,328 - aiogram.dispatcher - INFO - Run polling for bot @Evadav_start_bot id=7734023965 - 'Soft_Helpbot'
2025-03-07 16:35:11,709 - aiogram.event - INFO - Update id=664570005 is handled. Duration 287 ms by bot id=7734023965
2025-03-07 16:35:11,710 - aiogram.event - INFO - Update id=664570003 is handled. Duration 290 ms by bot id=7734023965
2025-03-07 16:35:11,710 - aiogram.event - INFO - Update id=664570004 is handled. Duration 289 ms by bot id=7734023965
2025-03-07 16:35:11,730 - aiogram.event - INFO - Update id=664570007 is handled. Duration 307 ms by bot id=7734023965
2025-03-07 16:35:11,740 - aiogram.event - INFO - Update id=664570006 is handled. Duration 318 ms by bot id=7734023965
2025-03-07 16:35:11,770 - aiogram.event - INFO - Update id=664570008 is handled. Duration 346 ms by bot id=7734023965
2025-03-07 16:35:11,770 - aiogram.event - INFO - Update id=664570002 is handled. Duration 352 ms by bot id=7734023965
2025-03-07 16:35:11,790 - aiogram.event - INFO - Update id=664570009 is handled. Duration 366 ms by bot id=7734023965
2025-03-07 16:35:23,256 - aiogram.event - INFO - Update id=664570010 is handled. Duration 101 ms by bot id=7734023965
2025-03-07 16:35:25,483 - aiogram.event - INFO - Update id=664570011 is handled. Duration 497 ms by bot id=7734023965
2025-03-07 16:35:27,772 - aiogram.event - INFO - Update id=664570012 is handled. Duration 61 ms by bot id=7734023965
2025-03-07 16:35:31,688 - aiogram.event - INFO - Update id=664570013 is handled. Duration 70 ms by bot id=7734023965
2025-03-07 16:35:33,250 - aiogram.event - INFO - Update id=664570014 is handled. Duration 116 ms by bot id=7734023965
2025-03-07 16:35:36,111 - aiogram.event - INFO - Update id=664570015 is handled. Duration 75 ms by bot id=7734023965
2025-03-07 16:35:42,894 - aiogram.event - INFO - Update id=664570016 is handled. Duration 319 ms by bot id=7734023965
2025-03-07 16:35:51,904 - aiogram.event - INFO - Update id=664570017 is handled. Duration 246 ms by bot id=7734023965
2025-03-07 16:35:57,811 - aiogram.event - INFO - Update id=664570018 is handled. Duration 319 ms by bot id=7734023965
2025-03-07 16:35:59,266 - aiogram.event - INFO - Update id=664570019 is handled. Duration 316 ms by bot id=7734023965
2025-03-07 16:36:01,577 - aiogram.event - INFO - Update id=664570020 is handled. Duration 2 ms by bot id=7734023965
2025-03-07 16:36:04,269 - root - INFO - User 284480074 rated the bot with 1 stars
2025-03-07 16:36:04,270 - aiogram.event - INFO - Update id=664570021 is handled. Duration 327 ms by bot id=7734023965
2025-03-07 16:36:04,858 - aiogram.event - INFO - Update id=664570022 is handled. Duration 391 ms by bot id=7734023965
2025-03-07 16:38:21,828 - aiogram.event - INFO - Update id=664570023 is handled. Duration 151 ms by bot id=7734023965
2025-03-07 16:38:25,518 - aiogram.event - INFO - Update id=664570024 is handled. Duration 59 ms by bot id=7734023965
2025-03-07 16:38:29,514 - aiogram.event - INFO - Update id=664570025 is handled. Duration 159 ms by bot id=7734023965
2025-03-07 16:38:34,440 - aiogram.event - INFO - Update id=664570026 is handled. Duration 246 ms by bot id=7734023965
2025-03-07 16:38:41,964 - aiogram.event - INFO - Update id=664570027 is handled. Duration 76 ms by bot id=7734023965
2025-03-07 16:38:43,339 - aiogram.event - INFO - Update id=664570028 is handled. Duration 57 ms by bot id=7734023965
2025-03-07 16:39:04,602 - aiogram.event - INFO - Update id=664570029 is handled. Duration 52 ms by bot id=7734023965
2025-03-07 16:41:15,018 - aiogram.event - INFO - Update id=664570030 is handled. Duration 75 ms by bot id=7734023965
2025-03-07 16:41:23,058 - __main__ - INFO - Starting bot...
2025-03-07 16:41:23,267 - __main__ - INFO - Bot started with 6 commands
2025-03-07 16:41:23,268 - aiogram.dispatcher - INFO - Start polling
2025-03-07 16:41:23,309 - aiogram.dispatcher - INFO - Run polling for bot @Evadav_start_bot id=7734023965 - 'Soft_Helpbot'
2025-03-07 16:41:23,621 - aiogram.event - INFO - Update id=664570031 is handled. Duration 251 ms by bot id=7734023965
2025-03-07 16:41:25,538 - aiogram.event - INFO - Update id=664570032 is handled. Duration 157 ms by bot id=7734023965
2025-03-07 16:41:27,232 - aiogram.event - INFO - Update id=664570033 is handled. Duration 72 ms by bot id=7734023965
2025-03-07 16:41:31,616 - aiogram.event - INFO - Update id=664570034 is handled. Duration 90 ms by bot id=7734023965
2025-03-07 16:41:33,499 - aiogram.event - INFO - Update id=664570035 is handled. Duration 69 ms by bot id=7734023965
2025-03-07 16:41:54,677 - aiogram.event - INFO - Update id=664570036 is handled. Duration 211 ms by bot id=7734023965
2025-03-07 16:41:56,279 - aiogram.event - INFO - Update id=664570037 is handled. Duration 73 ms by bot id=7734023965
2025-03-07 16:41:57,487 - aiogram.event - INFO - Update id=664570038 is handled. Duration 79 ms by bot id=7734023965
2025-03-07 16:41:58,739 - aiogram.event - INFO - Update id=664570039 is handled. Duration 80 ms by bot id=7734023965
2025-03-07 16:42:04,981 - aiogram.event - INFO - Update id=664570040 is handled. Duration 337 ms by bot id=7734023965
2025-03-07 16:42:08,032 - aiogram.event - INFO - Update id=664570041 is handled. Duration 511 ms by bot id=7734023965
2025-03-07 16:49:44,749 - __main__ - INFO - Starting bot...
2025-03-07 16:49:45,052 - __main__ - INFO - Bot started with 6 commands
2025-03-07 16:49:45,053 - aiogram.dispatcher - INFO - Start polling
2025-03-07 16:49:45,088 - aiogram.dispatcher - INFO - Run polling for bot @Evadav_start_bot id=7734023965 - 'Soft_Helpbot'
2025-03-07 16:49:53,550 - aiogram.event - INFO - Update id=664570042 is handled. Duration 314 ms by bot id=7734023965
2025-03-07 16:49:55,308 - aiogram.event - INFO - Update id=664570043 is handled. Duration 85 ms by bot id=7734023965
2025-03-07 16:50:11,907 - aiogram.event - INFO - Update id=664570044 is handled. Duration 1780 ms by bot id=7734023965
2025-03-07 16:50:17,392 - aiogram.event - INFO - Update id=664570045 is handled. Duration 1451 ms by bot id=7734023965
2025-03-07 16:52:22,549 - __main__ - INFO - Starting bot...
2025-03-07 16:52:22,806 - __main__ - INFO - Bot started with 6 commands
2025-03-07 16:52:22,807 - aiogram.dispatcher - INFO - Start polling
2025-03-07 16:52:22,850 - aiogram.dispatcher - INFO - Run polling for bot @Evadav_start_bot id=7734023965 - 'Soft_Helpbot'
2025-03-07 16:52:35,870 - aiogram.event - INFO - Update id=664570046 is handled. Duration 374 ms by bot id=7734023965
2025-03-07 16:52:37,607 - aiogram.event - INFO - Update id=664570047 is handled. Duration 166 ms by bot id=7734023965
2025-03-07 16:52:41,631 - aiogram.event - INFO - Update id=664570048 is handled. Duration 280 ms by bot id=7734023965
2025-03-07 16:52:43,819 - aiogram.event - INFO - Update id=664570049 is handled. Duration 553 ms by bot id=7734023965
2025-03-07 16:53:06,735 - aiogram.event - INFO - Update id=664570050 is handled. Duration 378 ms by bot id=7734023965
2025-03-07 16:54:14,949 - aiogram.event - INFO - Update id=664570051 is handled. Duration 98 ms by bot id=7734023965
2025-03-07 16:54:16,804 - aiogram.event - INFO - Update id=664570052 is handled. Duration 65 ms by bot id=7734023965
2025-03-07 16:54:18,314 - aiogram.event - INFO - Update id=664570053 is handled. Duration 285 ms by bot id=7734023965
2025-03-07 16:55:15,894 - aiogram.event - INFO - Update id=664570054 is handled. Duration 72 ms by bot id=7734023965
2025-03-07 16:55:16,702 - aiogram.event - INFO - Update id=664570055 is handled. Duration 59 ms by bot id=7734023965
2025-03-07 16:55:19,339 - aiogram.event - INFO - Update id=664570056 is handled. Duration 213 ms by bot id=7734023965
2025-03-07 16:55:21,778 - aiogram.event - INFO - Update id=664570057 is handled. Duration 344 ms by bot id=7734023965
2025-03-07 17:00:18,587 - __main__ - INFO - Starting bot...
2025-03-07 17:00:18,797 - __main__ - INFO - Bot started with 6 commands
2025-03-07 17:00:18,797 - aiogram.dispatcher - INFO - Start polling
2025-03-07 17:00:18,832 - aiogram.dispatcher - INFO - Run polling for bot @Evadav_start_bot id=7734023965 - 'Soft_Helpbot'
2025-03-07 17:00:30,168 - aiogram.event - INFO - Update id=664570058 is handled. Duration 910 ms by bot id=7734023965
2025-03-07 17:01:24,053 - __main__ - INFO - Starting bot...
2025-03-07 17:01:24,260 - __main__ - INFO - Bot started with 6 commands
2025-03-07 17:01:24,261 - aiogram.dispatcher - INFO - Start polling
2025-03-07 17:01:24,311 - aiogram.dispatcher - INFO - Run polling for bot @Evadav_start_bot id=7734023965 - 'Soft_Helpbot'
2025-03-07 17:01:31,568 - root - ERROR - Failed to send message to admin chat: Telegram server says - Bad Request: can't parse entities: Can't find end of the entity starting at byte offset 201
2025-03-07 17:01:31,691 - aiogram.event - INFO - Update id=664570059 is handled. Duration 464 ms by bot id=7734023965
2025-03-07 17:01:35,939 - aiogram.event - INFO - Update id=664570060 is handled. Duration 264 ms by bot id=7734023965
2025-03-07 17:01:40,165 - aiogram.event - INFO - Update id=664570061 is handled. Duration 309 ms by bot id=7734023965
2025-03-07 17:01:42,098 - root - ERROR - Failed to send message to admin chat: Telegram server says - Bad Request: can't parse entities: Can't find end of the entity starting at byte offset 201
2025-03-07 17:01:42,181 - aiogram.event - INFO - Update id=664570062 is handled. Duration 981 ms by bot id=7734023965
2025-03-07 17:02:29,413 - __main__ - INFO - Starting bot...
2025-03-07 17:02:29,617 - __main__ - INFO - Bot started with 6 commands
2025-03-07 17:02:29,618 - aiogram.dispatcher - INFO - Start polling
2025-03-07 17:02:29,649 - aiogram.dispatcher - INFO - Run polling for bot @Evadav_start_bot id=7734023965 - 'Soft_Helpbot'
2025-03-07 17:02:33,666 - aiogram.event - INFO - Update id=664570063 is handled. Duration 188 ms by bot id=7734023965
2025-03-07 17:02:35,353 - aiogram.event - INFO - Update id=664570064 is handled. Duration 66 ms by bot id=7734023965
2025-03-07 17:02:39,351 - aiogram.event - INFO - Update id=664570065 is handled. Duration 468 ms by bot id=7734023965
2025-03-07 17:04:25,335 - __main__ - INFO - Starting bot...
2025-03-07 17:04:25,537 - __main__ - INFO - Bot started with 6 commands
2025-03-07 17:04:25,538 - aiogram.dispatcher - INFO - Start polling
2025-03-07 17:04:25,569 - aiogram.dispatcher - INFO - Run polling for bot @Evadav_start_bot id=7734023965 - 'Soft_Helpbot'
2025-03-07 17:04:31,442 - root - ERROR - Failed to send message to admin chat: Telegram server says - Bad Request: can't parse entities: Can't find end of the entity starting at byte offset 184
2025-03-07 17:04:31,691 - aiogram.event - INFO - Update id=664570066 is handled. Duration 624 ms by bot id=7734023965
2025-03-07 17:04:38,306 - aiogram.event - INFO - Update id=664570067 is handled. Duration 107 ms by bot id=7734023965
2025-03-07 17:04:58,748 - __main__ - INFO - Starting bot...
2025-03-07 17:04:58,989 - __main__ - INFO - Bot started with 6 commands
2025-03-07 17:04:58,990 - aiogram.dispatcher - INFO - Start polling
2025-03-07 17:04:59,032 - aiogram.dispatcher - INFO - Run polling for bot @Evadav_start_bot id=7734023965 - 'Soft_Helpbot'
2025-03-07 17:05:01,544 - aiogram.event - INFO - Update id=664570068 is handled. Duration 299 ms by bot id=7734023965
2025-03-07 17:05:03,114 - aiogram.event - INFO - Update id=664570069 is handled. Duration 90 ms by bot id=7734023965
2025-03-07 17:05:06,847 - aiogram.event - INFO - Update id=664570070 is handled. Duration 329 ms by bot id=7734023965
2025-03-07 17:05:09,325 - aiogram.event - INFO - Update id=664570071 is handled. Duration 675 ms by bot id=7734023965
